<?xml version="1.0" encoding="UTF-8"?>
<testng-results ignored="0" total="0" passed="0" failed="0" skipped="0">
  <reporter-output>
  </reporter-output>
  <suite started-at="2023-10-03T17:17:40 IST" name="Suite" finished-at="2023-10-03T17:17:51 IST" duration-ms="11059">
    <groups>
    </groups>
    <test started-at="2023-10-03T17:17:40 IST" name="Test" finished-at="2023-10-03T17:17:51 IST" duration-ms="11059">
      <class name="com.int_banking_testCases.TC_LoginTest_001">
        <test-method is-config="true" signature="setUp(java.lang.String)[pri:0, instance:com.int_banking_testCases.TC_LoginTest_001@7f485fda]" started-at="2023-10-03T17:17:40 IST" name="setUp" finished-at="2023-10-03T17:17:49 IST" duration-ms="9214" status="PASS">
          <params>
            <param index="0">
              <value>
                <![CDATA[chrome]]>
              </value>
            </param>
          </params>
          <reporter-output>
          </reporter-output>
        </test-method> <!-- setUp -->
        <test-method is-config="true" signature="tearDown()[pri:0, instance:com.int_banking_testCases.TC_LoginTest_001@7f485fda]" started-at="2023-10-03T17:17:51 IST" name="tearDown" finished-at="2023-10-03T17:17:51 IST" duration-ms="82" status="PASS">
          <reporter-output>
          </reporter-output>
        </test-method> <!-- tearDown -->
      </class> <!-- com.int_banking_testCases.TC_LoginTest_001 -->
    </test> <!-- Test -->
  </suite> <!-- Suite -->
</testng-results>
